<?xml version="1.0" encoding="UTF-8"?>
<!-- Generated by org.testng.reporters.JUnitReportReporter -->
<testsuite hostname="Tom" failures="0" tests="1" name="Selenium_Codes.WebTable" time="19.119" errors="0" timestamp="2023-05-27T02:23:33 IST" skipped="0">
  <testcase classname="Selenium_Codes.WebTable" name="table_Test" time="19.119"/>
  <system-out/>
</testsuite> <!-- Selenium_Codes.WebTable -->
