<?xml version="1.0" encoding="UTF-8"?>
<!-- Generated by org.testng.reporters.JUnitReportReporter -->
<testsuite hostname="Tom" failures="0" tests="1" name="Selenium_Codes.Launch_Google" time="7.323" errors="0" timestamp="2023-05-26T18:32:00 IST" skipped="0">
  <testcase classname="Selenium_Codes.Launch_Google" name="OpenGoogle" time="7.323"/>
  <system-out/>
</testsuite> <!-- Selenium_Codes.Launch_Google -->
