<?xml version="1.0" encoding="UTF-8"?>
<!-- Generated by org.testng.reporters.JUnitReportReporter -->
<testsuite hostname="01HW2308171.local" failures="0" tests="1" name="Basic.Links" time="14.533" errors="0" timestamp="2023-04-24T09:09:33 GMT-07:00" skipped="0">
  <testcase classname="Basic.Links" name="t1" time="14.533"/>
  <system-out/>
</testsuite> <!-- Basic.Links -->
