<?xml version="1.0" encoding="UTF-8"?>
<!-- Generated by org.testng.reporters.JUnitReportReporter -->
<testsuite hostname="01HW2308171.local" failures="0" tests="1" name="Basic.Table" time="18.234" errors="0" timestamp="2023-05-23T22:10:28 GMT-07:00" skipped="0">
  <testcase classname="Basic.Table" name="Table_Test" time="18.234"/>
  <system-out/>
</testsuite> <!-- Basic.Table -->
