<?xml version="1.0" encoding="UTF-8"?>
<!-- Generated by org.testng.reporters.JUnitReportReporter -->
<testsuite hostname="01HW2308171.local" failures="0" tests="1" name="Basic.Frame" time="18.433" errors="0" timestamp="2023-05-24T13:07:33 GMT-07:00" skipped="0">
  <testcase classname="Basic.Frame" name="frame_Test" time="18.433"/>
  <system-out/>
</testsuite> <!-- Basic.Frame -->
