<?xml version="1.0" encoding="UTF-8"?>
<!-- Generated by org.testng.reporters.JUnitReportReporter -->
<testsuite hostname="01HW2308171.local" failures="0" tests="1" name="Basic.Dropdown" time="35.770" errors="0" timestamp="2023-05-31T14:28:51 GMT-07:00" skipped="0">
  <testcase classname="Basic.Dropdown" name="dropDown_test" time="35.770"/>
  <system-out/>
</testsuite> <!-- Basic.Dropdown -->
