<?xml version="1.0" encoding="UTF-8"?>
<!-- Generated by org.testng.reporters.JUnitReportReporter -->
<testsuite hostname="01HW2308171.local" failures="0" tests="1" name="Basic.Alert" time="23.003" errors="0" timestamp="2023-05-23T23:50:52 GMT-07:00" skipped="0">
  <testcase classname="Basic.Alert" name="alert_Test" time="23.003"/>
  <system-out/>
</testsuite> <!-- Basic.Alert -->
