<?xml version="1.0" encoding="UTF-8"?>
<!-- Generated by org.testng.reporters.JUnitReportReporter -->
<testsuite hostname="01HW2308171.local" failures="0" tests="1" name="Basic.Buttons" time="39.496" errors="0" timestamp="2023-05-31T15:40:00 GMT-07:00" skipped="0">
  <testcase classname="Basic.Buttons" name="btn_test" time="39.496"/>
  <system-out/>
</testsuite> <!-- Basic.Buttons -->
