<?xml version="1.0" encoding="UTF-8"?>
<!-- Generated by org.testng.reporters.JUnitReportReporter -->
<testsuite hostname="01HW2308171.local" failures="0" tests="1" name="Basic.OpenChrome" time="24.385" errors="0" timestamp="2023-05-23T21:15:54 GMT-07:00" skipped="0">
  <testcase classname="Basic.OpenChrome" name="t1" time="24.385"/>
  <system-out/>
</testsuite> <!-- Basic.OpenChrome -->
