<?xml version="1.0" encoding="UTF-8"?>
<!-- Generated by org.testng.reporters.JUnitReportReporter -->
<testsuite hostname="01HW2308171.local" failures="0" tests="1" name="Basic.window" time="18.380" errors="0" timestamp="2023-05-23T22:45:11 GMT-07:00" skipped="0">
  <testcase classname="Basic.window" name="window_test" time="18.380"/>
  <system-out/>
</testsuite> <!-- Basic.window -->
