<?xml version="1.0" encoding="UTF-8"?>
<!-- Generated by org.testng.reporters.JUnitReportReporter -->
<testsuite hostname="01HW2308171.local" failures="0" tests="1" name="Basic.Actions_Eg" time="31.043" errors="0" timestamp="2023-05-24T16:02:59 GMT-07:00" skipped="0">
  <testcase classname="Basic.Actions_Eg" name="Action_Test" time="31.043"/>
  <system-out/>
</testsuite> <!-- Basic.Actions_Eg -->
